Parameter DATADIR set to ../../dataFiles
Parameter DELETEDRESWARNINGLOG not set. Using default value deleted_res.txt
Parameter USEPOISSONBOLTZMANN not set. Using default value false
Parameter DOSOLVATIONE set to false
Parameter FORCEFIELD not set. Using default value AMBER
Parameter DISTDEPDIELECT not set. Using default value true
Parameter DIELECTCONST not set. Using default value 6.0
Parameter VDWMULT not set. Using default value 0.95
Parameter SOLVSCALE not set. Using default value 0.5
Parameter HELECT not set. Using default value true
Parameter HVDW not set. Using default value true
Parameter SHELLDISTCUTOFF not set. Using default value Infinity
Parameter USEDUNBRACKROTAMERS not set. Using default value false
Parameter ROTFILE not set. Using default value LovellRotamer.dat
Parameter GROTFILE set to GenericRotamers_k04_30_all.dat
Parameter RESENTROPYFILE not set. Using default value ResEntropy.dat
Parameter RAMAGLYFILE not set. Using default value rama500-gly-sym.data
Parameter RAMAPROFILE not set. Using default value rama500-pro.data
Parameter RAMAGENFILE not set. Using default value rama500-general.data
Parameter RAMAPREPROFILE not set. Using default value rama500-prepro.data
Parameter NUMTHREADS not set. Using default value 1
Parameter CCDECONVTOL not set. Using default value 0.001
Parameter CCDNUMITER not set. Using default value 30
Parameter ALWAYSIDEALIZESIDECHAINSAFTERMUTATION not set. Using default value false
Parameter RUNNAME set to rot-k01-test
Parameter STRANDMUT0 set to 301 302 303 317 319 7 8 9 10
Parameter RESALLOWED0_0 set to ILE
Parameter RESALLOWED0_1 set to SER
Parameter RESALLOWED0_2 set to ILE
Parameter RESALLOWED0_3 set to GLU
Parameter RESALLOWED0_4 set to HIE
Parameter RESALLOWED0_5 set to LYS
Parameter RESALLOWED0_6 set to SER
Parameter RESALLOWED0_7 set to K04
Parameter RESALLOWED0_8 set to ILE
CREATING SEARCH PROBLEM.  NAME: rot-k01-test
Parameter STRANDROTTRANS0 set to false
Parameter RUNNAME set to rot-k01-test
Parameter DOPERTURBATIONS not set. Using default value false
Parameter RUNNAME set to rot-k01-test
Parameter SELECTPERTURBATIONS not set. Using default value true
Parameter STARTINGPERTURBATIONFILE not set. Using default value none
Parameter ONLYSTARTINGPERTURBATIONS not set. Using default value false
Parameter MAXSHEARPARAM not set. Using default value 2.5
Parameter MAXBACKRUBPARAM not set. Using default value 2.5
Parameter SELECTLCAS not set. Using default value false
Parameter STRANDMUT0 set to 301 302 303 317 319 7 8 9 10
Parameter PDBNAME set to 4nmp_noH.min.pdb
Parameter DORAMACHECK not set. Using default value true
Parameter PDBNAME set to 4nmp_noH.min.pdb
Parameter ADDWT set to false
Parameter DOMINIMIZE set to false
Parameter USEEPIC set to false
Parameter USEEPIC set to false
Parameter EPICTHRESH1 not set. Using default value 10
Parameter EPICTHRESH2 not set. Using default value 25
Parameter EPICGOALRESID not set. Using default value 0.0001
Parameter USESAPE not set. Using default value true
Parameter EPICUSEPC not set. Using default value true
Parameter MINPARTIALCONFS not set. Using default value true
Parameter EPICQUADONLY not set. Using default value false
Parameter USEEPICPRUNING not set. Using default value true
Parameter USETUPEXP not set. Using default value false
Parameter USETUPEXP not set. Using default value false
Parameter LUTEGOALRESID not set. Using default value 0.01
Parameter LUTERELWT not set. Using default value false
Parameter LUTETHRESHWT not set. Using default value false
Parameter USEELLIPSES not set. Using default value false
Parameter USEEREF not set. Using default value true
Parameter ADDRESENTROPY set to true
Parameter ADDWTROTS set to false
Parameter USEVOXELG not set. Using default value false
Parameter WTROTONLYRES not set. Using default value 
Parameter EMATTHREADS set to 32
Parameter EW set to 1.5
Parameter IMINDEE set to false
Parameter DOMINIMIZE set to false
Parameter DOPERTURBATIONS not set. Using default value false
Parameter USETUPEXP not set. Using default value false
Parameter USEEPIC set to false
Parameter CHECKAPPROXE not set. Using default value true
Parameter OUTPUTGMECSTRUCT set to true
Parameter USEPOISSONBOLTZMANN not set. Using default value false
Parameter RUNNAME set to rot-k01-test
Parameter STERICTHRESH set to 150
Parameter OUTPUTROTLIB set to true
Parameter OUTPUTROTLIBPOS set to 7
Parameter RESALLOWED0_0 set to ILE
Parameter RESALLOWED0_1 set to SER
Parameter RESALLOWED0_2 set to ILE
Parameter RESALLOWED0_3 set to GLU
Parameter RESALLOWED0_4 set to HIE
Parameter RESALLOWED0_5 set to LYS
Parameter RESALLOWED0_6 set to SER
Parameter RESALLOWED0_7 set to K04
Parameter RESALLOWED0_8 set to ILE
Parameter GROTFILE set to GenericRotamers_k04_30_all.dat
Parameter TYPEDEP not set. Using default value false
Parameter BOUNDSTHRESH not set. Using default value 100
Parameter ALGOPTION not set. Using default value 1
Parameter USEFLAGS not set. Using default value true
Parameter USETRIPLES not set. Using default value false
Parameter USEPARTCR not set. Using default value false
Calculating GMEC with interval = 0.0
Calculating energies...
Progress:    0.1%   ETA: 2.0 h
Progress:    0.1%   ETA: 1.9 h
#
# There is insufficient memory for the Java Runtime Environment to continue.
# Native memory allocation (mmap) failed to map 8625586176 bytes for committing reserved memory.
# An error report file with more information is saved as:
# /home/home3/sw283/github/osprey_refactor/rotamer/K04-rot/hs_err_pid26547.log
